2024-09-01 15:06:17,403 ERROR org.springframework.boot.SpringApplication [main]  Application run failed
java.lang.IllegalStateException: java.lang.IllegalStateException: Logback configuration error detected: 
ERROR in ch.qos.logback.classic.pattern.ClassOfCallerConverter@19e4fcac - failed to parse integer string [1.] java.lang.NumberFormatException: For input string: "1."
ERROR in ch.qos.logback.classic.pattern.ClassOfCallerConverter@52c3cb31 - failed to parse integer string [1.] java.lang.NumberFormatException: For input string: "1."
	at org.springframework.boot.context.logging.LoggingApplicationListener.initializeSystem(LoggingApplicationListener.java:347)
	at org.springframework.boot.context.logging.LoggingApplicationListener.initialize(LoggingApplicationListener.java:298)
	at org.springframework.boot.context.logging.LoggingApplicationListener.onApplicationEnvironmentPreparedEvent(LoggingApplicationListener.java:246)
	at org.springframework.boot.context.logging.LoggingApplicationListener.onApplicationEvent(LoggingApplicationListener.java:223)
	at org.springframework.context.event.SimpleApplicationEventMulticaster.doInvokeListener(SimpleApplicationEventMulticaster.java:185)
	at org.springframework.context.event.SimpleApplicationEventMulticaster.invokeListener(SimpleApplicationEventMulticaster.java:178)
	at org.springframework.context.event.SimpleApplicationEventMulticaster.multicastEvent(SimpleApplicationEventMulticaster.java:156)
	at org.springframework.context.event.SimpleApplicationEventMulticaster.multicastEvent(SimpleApplicationEventMulticaster.java:138)
	at org.springframework.boot.context.event.EventPublishingRunListener.multicastInitialEvent(EventPublishingRunListener.java:136)
	at org.springframework.boot.context.event.EventPublishingRunListener.environmentPrepared(EventPublishingRunListener.java:81)
	at org.springframework.boot.SpringApplicationRunListeners.lambda$environmentPrepared$2(SpringApplicationRunListeners.java:64)
	at java.base/java.lang.Iterable.forEach(Iterable.java:75)
	at org.springframework.boot.SpringApplicationRunListeners.doWithListeners(SpringApplicationRunListeners.java:118)
	at org.springframework.boot.SpringApplicationRunListeners.doWithListeners(SpringApplicationRunListeners.java:112)
	at org.springframework.boot.SpringApplicationRunListeners.environmentPrepared(SpringApplicationRunListeners.java:63)
	at org.springframework.boot.SpringApplication.prepareEnvironment(SpringApplication.java:370)
	at org.springframework.boot.SpringApplication.run(SpringApplication.java:330)
	at org.springframework.boot.SpringApplication.run(SpringApplication.java:1363)
	at org.springframework.boot.SpringApplication.run(SpringApplication.java:1352)
	at com.example.EcommerceApplication.EcommerceApplication.main(EcommerceApplication.java:10)
Caused by: java.lang.IllegalStateException: Logback configuration error detected: 
ERROR in ch.qos.logback.classic.pattern.ClassOfCallerConverter@19e4fcac - failed to parse integer string [1.] java.lang.NumberFormatException: For input string: "1."
ERROR in ch.qos.logback.classic.pattern.ClassOfCallerConverter@52c3cb31 - failed to parse integer string [1.] java.lang.NumberFormatException: For input string: "1."
	at org.springframework.boot.logging.logback.LogbackLoggingSystem.reportConfigurationErrorsIfNecessary(LogbackLoggingSystem.java:277)
	at org.springframework.boot.logging.logback.LogbackLoggingSystem.loadConfiguration(LogbackLoggingSystem.java:255)
	at org.springframework.boot.logging.AbstractLoggingSystem.initializeWithConventions(AbstractLoggingSystem.java:81)
	at org.springframework.boot.logging.AbstractLoggingSystem.initialize(AbstractLoggingSystem.java:61)
	at org.springframework.boot.logging.logback.LogbackLoggingSystem.initialize(LogbackLoggingSystem.java:189)
	at org.springframework.boot.context.logging.LoggingApplicationListener.initializeSystem(LoggingApplicationListener.java:332)
	... 19 common frames omitted
	Suppressed: java.lang.NumberFormatException: For input string: "1."
		at java.base/java.lang.NumberFormatException.forInputString(NumberFormatException.java:67)
		at java.base/java.lang.Integer.parseInt(Integer.java:665)
		at java.base/java.lang.Integer.parseInt(Integer.java:781)
		at ch.qos.logback.classic.pattern.NamedConverter.start(NamedConverter.java:92)
		at ch.qos.logback.core.pattern.ConverterUtil.startConverters(ConverterUtil.java:37)
		at ch.qos.logback.core.pattern.ConverterUtil.startConverters(ConverterUtil.java:33)
		at ch.qos.logback.core.pattern.PatternLayoutBase.start(PatternLayoutBase.java:90)
		at ch.qos.logback.core.model.processor.ImplicitModelHandler.postHandleComplex(ImplicitModelHandler.java:208)
		at ch.qos.logback.core.model.processor.ImplicitModelHandler.postHandle(ImplicitModelHandler.java:186)
		at ch.qos.logback.core.model.processor.DefaultProcessor.secondPhaseTraverse(DefaultProcessor.java:257)
		at ch.qos.logback.core.model.processor.DefaultProcessor.secondPhaseTraverse(DefaultProcessor.java:253)
		at ch.qos.logback.core.model.processor.DefaultProcessor.secondPhaseTraverse(DefaultProcessor.java:253)
		at ch.qos.logback.core.model.processor.DefaultProcessor.traversalLoop(DefaultProcessor.java:90)
		at ch.qos.logback.core.model.processor.DefaultProcessor.process(DefaultProcessor.java:106)
		at ch.qos.logback.core.joran.GenericXMLConfigurator.processModel(GenericXMLConfigurator.java:208)
		at org.springframework.boot.logging.logback.SpringBootJoranConfigurator.processModel(SpringBootJoranConfigurator.java:122)
		at ch.qos.logback.core.joran.GenericXMLConfigurator.doConfigure(GenericXMLConfigurator.java:170)
		at ch.qos.logback.core.joran.GenericXMLConfigurator.doConfigure(GenericXMLConfigurator.java:122)
		at ch.qos.logback.core.joran.GenericXMLConfigurator.doConfigure(GenericXMLConfigurator.java:65)
		at org.springframework.boot.logging.logback.LogbackLoggingSystem.configureByResourceUrl(LogbackLoggingSystem.java:287)
		at org.springframework.boot.logging.logback.LogbackLoggingSystem.lambda$loadConfiguration$1(LogbackLoggingSystem.java:249)
		at org.springframework.boot.logging.logback.LogbackLoggingSystem.withLoggingSuppressed(LogbackLoggingSystem.java:467)
		at org.springframework.boot.logging.logback.LogbackLoggingSystem.loadConfiguration(LogbackLoggingSystem.java:244)
		... 23 common frames omitted
	Suppressed: java.lang.NumberFormatException: For input string: "1."
		at java.base/java.lang.NumberFormatException.forInputString(NumberFormatException.java:67)
		at java.base/java.lang.Integer.parseInt(Integer.java:665)
		at java.base/java.lang.Integer.parseInt(Integer.java:781)
		at ch.qos.logback.classic.pattern.NamedConverter.start(NamedConverter.java:92)
		at ch.qos.logback.core.pattern.ConverterUtil.startConverters(ConverterUtil.java:37)
		at ch.qos.logback.core.pattern.PatternLayoutBase.start(PatternLayoutBase.java:90)
		at ch.qos.logback.classic.encoder.PatternLayoutEncoder.start(PatternLayoutEncoder.java:28)
		at ch.qos.logback.core.model.processor.ImplicitModelHandler.postHandleComplex(ImplicitModelHandler.java:208)
		at ch.qos.logback.core.model.processor.ImplicitModelHandler.postHandle(ImplicitModelHandler.java:186)
		at ch.qos.logback.core.model.processor.DefaultProcessor.secondPhaseTraverse(DefaultProcessor.java:257)
		at ch.qos.logback.core.model.processor.DefaultProcessor.secondPhaseTraverse(DefaultProcessor.java:253)
		at ch.qos.logback.core.model.processor.DefaultProcessor.secondPhaseTraverse(DefaultProcessor.java:253)
		at ch.qos.logback.core.model.processor.DefaultProcessor.traversalLoop(DefaultProcessor.java:90)
		at ch.qos.logback.core.model.processor.DefaultProcessor.process(DefaultProcessor.java:106)
		at ch.qos.logback.core.joran.GenericXMLConfigurator.processModel(GenericXMLConfigurator.java:208)
		at org.springframework.boot.logging.logback.SpringBootJoranConfigurator.processModel(SpringBootJoranConfigurator.java:122)
		at ch.qos.logback.core.joran.GenericXMLConfigurator.doConfigure(GenericXMLConfigurator.java:170)
		at ch.qos.logback.core.joran.GenericXMLConfigurator.doConfigure(GenericXMLConfigurator.java:122)
		at ch.qos.logback.core.joran.GenericXMLConfigurator.doConfigure(GenericXMLConfigurator.java:65)
		at org.springframework.boot.logging.logback.LogbackLoggingSystem.configureByResourceUrl(LogbackLoggingSystem.java:287)
		at org.springframework.boot.logging.logback.LogbackLoggingSystem.lambda$loadConfiguration$1(LogbackLoggingSystem.java:249)
		at org.springframework.boot.logging.logback.LogbackLoggingSystem.withLoggingSuppressed(LogbackLoggingSystem.java:467)
		at org.springframework.boot.logging.logback.LogbackLoggingSystem.loadConfiguration(LogbackLoggingSystem.java:244)
		... 23 common frames omitted
2024-09-01 15:08:48,037 INFO o.s.b.StartupInfoLogger [main]  Starting EcommerceApplication using Java 19.0.2 with PID 5604 (D:\My Personal\Ecommerce\EcommerceApplication\EcommerceApplication\target\classes started by nazrul.sajib in D:\My Personal\Ecommerce\EcommerceApplication)
2024-09-01 15:08:48,047 DEBUG o.s.b.StartupInfoLogger [main]  Running with Spring Boot v3.2.10-SNAPSHOT, Spring v6.1.12
2024-09-01 15:08:48,050 INFO o.s.b.SpringApplication [main]  The following 1 profile is active: "dev"
2024-09-01 15:08:50,685 INFO o.s.b.w.e.t.TomcatWebServer [main]  Tomcat initialized with port 8083 (http)
2024-09-01 15:08:50,703 INFO o.a.j.l.DirectJDKLog [main]  Initializing ProtocolHandler ["http-nio-8083"]
2024-09-01 15:08:50,708 INFO o.a.j.l.DirectJDKLog [main]  Starting service [Tomcat]
2024-09-01 15:08:50,709 INFO o.a.j.l.DirectJDKLog [main]  Starting Servlet engine: [Apache Tomcat/10.1.28]
2024-09-01 15:08:50,836 INFO o.a.j.l.DirectJDKLog [main]  Initializing Spring embedded WebApplicationContext
2024-09-01 15:08:50,837 INFO o.s.b.w.s.c.ServletWebServerApplicationContext [main]  Root WebApplicationContext: initialization completed in 2639 ms
2024-09-01 15:08:51,507 INFO o.a.j.l.DirectJDKLog [main]  Starting ProtocolHandler ["http-nio-8083"]
2024-09-01 15:08:51,576 INFO o.s.b.w.e.t.TomcatWebServer [main]  Tomcat started on port 8083 (http) with context path ''
2024-09-01 15:08:51,595 INFO o.s.b.StartupInfoLogger [main]  Started EcommerceApplication in 4.907 seconds (process running for 5.604)
2024-09-01 16:58:22,795 INFO o.s.b.StartupInfoLogger [main]  Starting EcommerceApplication using Java 19.0.2 with PID 19376 (D:\My Personal\Ecommerce\EcommerceApplication\EcommerceApplication\target\classes started by nazrul.sajib in D:\My Personal\Ecommerce\EcommerceApplication)
2024-09-01 16:58:22,798 DEBUG o.s.b.StartupInfoLogger [main]  Running with Spring Boot v3.2.10-SNAPSHOT, Spring v6.1.12
2024-09-01 16:58:22,799 INFO o.s.b.SpringApplication [main]  The following 1 profile is active: "dev"
2024-09-01 16:58:24,191 INFO o.s.b.w.e.t.TomcatWebServer [main]  Tomcat initialized with port 8083 (http)
2024-09-01 16:58:24,202 INFO o.a.j.l.DirectJDKLog [main]  Initializing ProtocolHandler ["http-nio-8083"]
2024-09-01 16:58:24,204 INFO o.a.j.l.DirectJDKLog [main]  Starting service [Tomcat]
2024-09-01 16:58:24,205 INFO o.a.j.l.DirectJDKLog [main]  Starting Servlet engine: [Apache Tomcat/10.1.28]
2024-09-01 16:58:24,311 INFO o.a.j.l.DirectJDKLog [main]  Initializing Spring embedded WebApplicationContext
2024-09-01 16:58:24,312 INFO o.s.b.w.s.c.ServletWebServerApplicationContext [main]  Root WebApplicationContext: initialization completed in 1435 ms
2024-09-01 16:58:24,776 INFO o.a.j.l.DirectJDKLog [main]  Starting ProtocolHandler ["http-nio-8083"]
2024-09-01 16:58:24,827 INFO o.s.b.w.e.t.TomcatWebServer [main]  Tomcat started on port 8083 (http) with context path ''
2024-09-01 16:58:24,838 INFO o.s.b.StartupInfoLogger [main]  Started EcommerceApplication in 2.776 seconds (process running for 3.91)
2024-09-01 16:59:08,047 INFO o.a.j.l.DirectJDKLog [http-nio-8083-exec-1]  Initializing Spring DispatcherServlet 'dispatcherServlet'
2024-09-01 16:59:08,048 INFO o.s.w.s.FrameworkServlet [http-nio-8083-exec-1]  Initializing Servlet 'dispatcherServlet'
2024-09-01 16:59:08,051 INFO o.s.w.s.FrameworkServlet [http-nio-8083-exec-1]  Completed initialization in 3 ms
